Copyright 1986-2022 Xilinx, Inc. All Rights Reserved. Copyright 2022-2024 Advanced Micro Devices, Inc. All Rights Reserved.
---------------------------------------------------------------------------------------------------------------------------------------------
| Tool Version : Vivado v.2024.2 (win64) Build 5239630 Fri Nov 08 22:35:27 MST 2024
| Date         : Sun Apr 26 17:26:44 2026
| Host         : MB-gram running 64-bit major release  (build 9200)
| Command      : report_control_sets -verbose -file top_control_sets_placed.rpt
| Design       : top
| Device       : xc7a35t
---------------------------------------------------------------------------------------------------------------------------------------------

Control Set Information

Table of Contents
-----------------
1. Summary
2. Histogram
3. Flip-Flop Distribution
4. Detailed Control Set Information

1. Summary
----------

+----------------------------------------------------------+-------+
|                          Status                          | Count |
+----------------------------------------------------------+-------+
| Total control sets                                       |     7 |
|    Minimum number of control sets                        |     7 |
|    Addition due to synthesis replication                 |     0 |
|    Addition due to physical synthesis replication        |     0 |
| Unused register locations in slices containing registers |    16 |
+----------------------------------------------------------+-------+
* Control sets can be merged at opt_design using control_set_merge or merge_equivalent_drivers
** Run report_qor_suggestions for automated merging and remapping suggestions


2. Histogram
------------

+--------------------+-------+
|       Fanout       | Count |
+--------------------+-------+
| Total control sets |     7 |
| >= 0 to < 4        |     0 |
| >= 4 to < 6        |     2 |
| >= 6 to < 8        |     0 |
| >= 8 to < 10       |     2 |
| >= 10 to < 12      |     0 |
| >= 12 to < 14      |     1 |
| >= 14 to < 16      |     0 |
| >= 16              |     2 |
+--------------------+-------+
* Control sets can be remapped at either synth_design or opt_design


3. Flip-Flop Distribution
-------------------------

+--------------+-----------------------+------------------------+-----------------+--------------+
| Clock Enable | Synchronous Set/Reset | Asynchronous Set/Reset | Total Registers | Total Slices |
+--------------+-----------------------+------------------------+-----------------+--------------+
| No           | No                    | No                     |              27 |           10 |
| No           | No                    | Yes                    |              16 |            5 |
| No           | Yes                   | No                     |              13 |            4 |
| Yes          | No                    | No                     |               8 |            3 |
| Yes          | No                    | Yes                    |              16 |            4 |
| Yes          | Yes                   | No                     |               0 |            0 |
+--------------+-----------------------+------------------------+-----------------+--------------+


4. Detailed Control Set Information
-----------------------------------

+-----------------+-------------------------------------+------------------+------------------+----------------+--------------+
|   Clock Signal  |            Enable Signal            | Set/Reset Signal | Slice Load Count | Bel Load Count | Bels / Slice |
+-----------------+-------------------------------------+------------------+------------------+----------------+--------------+
|  baud_rate_BUFG | r/i                                 | dL/AR[0]         |                1 |              4 |         4.00 |
|  baud_rate_BUFG | t/curr_state__0[1]                  | dL/AR[0]         |                1 |              4 |         4.00 |
|  baud_rate_BUFG | r/FSM_onehot_curr_state_reg_n_0_[2] | dL/AR[0]         |                2 |              8 |         4.00 |
|  baud_rate_BUFG | t/cache[7]_i_1_n_0                  |                  |                3 |              8 |         2.67 |
|  clk_IBUF_BUFG  |                                     | c/ctr[0]_i_1_n_0 |                4 |             13 |         3.25 |
|  baud_rate_BUFG |                                     | dL/AR[0]         |                5 |             16 |         3.20 |
|  clk_IBUF_BUFG  |                                     |                  |               10 |             27 |         2.70 |
+-----------------+-------------------------------------+------------------+------------------+----------------+--------------+


