
*** Running vivado
    with args -log top.vds -m64 -product Vivado -mode batch -messageDb vivado.pb -notrace -source top.tcl



****** Vivado v2024.2 (64-bit)
  **** SW Build 5239630 on Fri Nov 08 22:35:27 MST 2024
  **** IP Build 5239520 on Sun Nov 10 16:12:51 MST 2024
  **** SharedData Build 5239561 on Fri Nov 08 14:39:27 MST 2024
  **** Start of session at: Sun Apr 26 17:23:34 2026
    ** Copyright 1986-2022 Xilinx, Inc. All Rights Reserved.
    ** Copyright 2022-2024 Advanced Micro Devices, Inc. All Rights Reserved.

source top.tcl -notrace
Command: read_checkpoint -auto_incremental -incremental C:/Users/mahes/Downloads/project_2-20260426T223513Z-3-001/project_2/project_2.srcs/utils_1/imports/synth_1/top.dcp
INFO: [Vivado 12-5825] Read reference checkpoint from C:/Users/mahes/Downloads/project_2-20260426T223513Z-3-001/project_2/project_2.srcs/utils_1/imports/synth_1/top.dcp for incremental synthesis
INFO: [Vivado 12-7989] Please ensure there are no constraint changes
Command: synth_design -top top -part xc7a35tcpg236-1
Starting synth_design
Attempting to get a license for feature 'Synthesis' and/or device 'xc7a35t'
INFO: [Common 17-349] Got license for feature 'Synthesis' and/or device 'xc7a35t'
INFO: [Device 21-403] Loading part xc7a35tcpg236-1
INFO: [Designutils 20-5440] No compile time benefit to using incremental synthesis; A full resynthesis will be run
INFO: [Designutils 20-4379] Flow is switching to default flow due to incremental criteria not met. If you would like to alter this behaviour and have the flow terminate instead, please set the following parameter config_implementation {autoIncr.Synth.RejectBehavior Terminate}
INFO: [Synth 8-7079] Multithreading enabled for synth_design using a maximum of 2 processes.
INFO: [Synth 8-7078] Launching helper process for spawning children vivado processes
INFO: [Synth 8-7075] Helper process launched with PID 21276
---------------------------------------------------------------------------------
Starting RTL Elaboration : Time (s): cpu = 00:00:28 ; elapsed = 00:00:37 . Memory (MB): peak = 959.168 ; gain = 468.148
---------------------------------------------------------------------------------
INFO: [Synth 8-6157] synthesizing module 'top' [C:/Users/mahes/Downloads/project_2-20260426T223513Z-3-001/project_2/project_2.srcs/sources_1/new/top.v:1]
INFO: [Synth 8-6157] synthesizing module 'debouncer' [C:/Users/mahes/Downloads/project_2-20260426T223513Z-3-001/project_2/project_2.srcs/sources_1/new/debouncer.v:1]
INFO: [Synth 8-6155] done synthesizing module 'debouncer' (0#1) [C:/Users/mahes/Downloads/project_2-20260426T223513Z-3-001/project_2/project_2.srcs/sources_1/new/debouncer.v:1]
INFO: [Synth 8-6157] synthesizing module 'clkdiv' [C:/Users/mahes/Downloads/project_2-20260426T223513Z-3-001/project_2/project_2.srcs/sources_1/new/clkdiv.v:23]
INFO: [Synth 8-6155] done synthesizing module 'clkdiv' (0#1) [C:/Users/mahes/Downloads/project_2-20260426T223513Z-3-001/project_2/project_2.srcs/sources_1/new/clkdiv.v:23]
INFO: [Synth 8-6157] synthesizing module 'tx' [C:/Users/mahes/Downloads/project_2-20260426T223513Z-3-001/project_2/project_2.srcs/sources_1/new/tx.v:52]
INFO: [Synth 8-226] default block is never used [C:/Users/mahes/Downloads/project_2-20260426T223513Z-3-001/project_2/project_2.srcs/sources_1/new/tx.v:78]
INFO: [Synth 8-6155] done synthesizing module 'tx' (0#1) [C:/Users/mahes/Downloads/project_2-20260426T223513Z-3-001/project_2/project_2.srcs/sources_1/new/tx.v:52]
INFO: [Synth 8-6157] synthesizing module 'rx' [C:/Users/mahes/Downloads/project_2-20260426T223513Z-3-001/project_2/project_2.srcs/sources_1/new/rx.v:46]
INFO: [Synth 8-6155] done synthesizing module 'rx' (0#1) [C:/Users/mahes/Downloads/project_2-20260426T223513Z-3-001/project_2/project_2.srcs/sources_1/new/rx.v:46]
WARNING: [Synth 8-7071] port 'busy' of module 'rx' is unconnected for instance 'r' [C:/Users/mahes/Downloads/project_2-20260426T223513Z-3-001/project_2/project_2.srcs/sources_1/new/top.v:46]
WARNING: [Synth 8-7023] instance 'r' of module 'rx' has 5 connections declared, but only 4 given [C:/Users/mahes/Downloads/project_2-20260426T223513Z-3-001/project_2/project_2.srcs/sources_1/new/top.v:46]
INFO: [Synth 8-6155] done synthesizing module 'top' (0#1) [C:/Users/mahes/Downloads/project_2-20260426T223513Z-3-001/project_2/project_2.srcs/sources_1/new/top.v:1]
WARNING: [Synth 8-7137] Register cache_reg in module tx has both Set and reset with same priority. This may cause simulation mismatches. Consider rewriting code  [C:/Users/mahes/Downloads/project_2-20260426T223513Z-3-001/project_2/project_2.srcs/sources_1/new/tx.v:83]
WARNING: [Synth 8-7129] Port rx_line in module top is either unconnected or has no load
---------------------------------------------------------------------------------
Finished RTL Elaboration : Time (s): cpu = 00:00:32 ; elapsed = 00:00:42 . Memory (MB): peak = 1064.723 ; gain = 573.703
---------------------------------------------------------------------------------
---------------------------------------------------------------------------------
Start Handling Custom Attributes
---------------------------------------------------------------------------------
---------------------------------------------------------------------------------
Finished Handling Custom Attributes : Time (s): cpu = 00:00:32 ; elapsed = 00:00:42 . Memory (MB): peak = 1064.723 ; gain = 573.703
---------------------------------------------------------------------------------
---------------------------------------------------------------------------------
Finished RTL Optimization Phase 1 : Time (s): cpu = 00:00:32 ; elapsed = 00:00:42 . Memory (MB): peak = 1064.723 ; gain = 573.703
---------------------------------------------------------------------------------
Netlist sorting complete. Time (s): cpu = 00:00:00 ; elapsed = 00:00:00.003 . Memory (MB): peak = 1064.723 ; gain = 0.000
INFO: [Project 1-570] Preparing netlist for logic optimization

Processing XDC Constraints
Initializing timing engine
Parsing XDC File [C:/Users/mahes/Downloads/project_2-20260426T223513Z-3-001/project_2/project_2.srcs/constrs_1/imports/Maheswari and Britney s26/Basys-3-Master.xdc]
Finished Parsing XDC File [C:/Users/mahes/Downloads/project_2-20260426T223513Z-3-001/project_2/project_2.srcs/constrs_1/imports/Maheswari and Britney s26/Basys-3-Master.xdc]
INFO: [Project 1-236] Implementation specific constraints were found while reading constraint file [C:/Users/mahes/Downloads/project_2-20260426T223513Z-3-001/project_2/project_2.srcs/constrs_1/imports/Maheswari and Britney s26/Basys-3-Master.xdc]. These constraints will be ignored for synthesis but will be used in implementation. Impacted constraints are listed in the file [.Xil/top_propImpl.xdc].
Resolution: To avoid this warning, move constraints listed in [.Xil/top_propImpl.xdc] to another XDC file and exclude this new file from synthesis with the used_in_synthesis property (File Properties dialog in GUI) and re-run elaboration/synthesis.
Completed Processing XDC Constraints

Netlist sorting complete. Time (s): cpu = 00:00:00 ; elapsed = 00:00:00 . Memory (MB): peak = 1156.848 ; gain = 0.000
INFO: [Project 1-111] Unisim Transformation Summary:
No Unisim elements were transformed.

Constraint Validation Runtime : Time (s): cpu = 00:00:00 ; elapsed = 00:00:00.006 . Memory (MB): peak = 1156.848 ; gain = 0.000
INFO: [Designutils 20-5440] No compile time benefit to using incremental synthesis; A full resynthesis will be run
INFO: [Designutils 20-4379] Flow is switching to default flow due to incremental criteria not met. If you would like to alter this behaviour and have the flow terminate instead, please set the following parameter config_implementation {autoIncr.Synth.RejectBehavior Terminate}
---------------------------------------------------------------------------------
Finished Constraint Validation : Time (s): cpu = 00:00:52 ; elapsed = 00:01:04 . Memory (MB): peak = 1156.848 ; gain = 665.828
---------------------------------------------------------------------------------
---------------------------------------------------------------------------------
Start Loading Part and Timing Information
---------------------------------------------------------------------------------
Loading part: xc7a35tcpg236-1
---------------------------------------------------------------------------------
Finished Loading Part and Timing Information : Time (s): cpu = 00:00:52 ; elapsed = 00:01:04 . Memory (MB): peak = 1156.848 ; gain = 665.828
---------------------------------------------------------------------------------
---------------------------------------------------------------------------------
Start Applying 'set_property' XDC Constraints
---------------------------------------------------------------------------------
---------------------------------------------------------------------------------
Finished applying 'set_property' XDC Constraints : Time (s): cpu = 00:00:52 ; elapsed = 00:01:04 . Memory (MB): peak = 1156.848 ; gain = 665.828
---------------------------------------------------------------------------------
INFO: [Synth 8-802] inferred FSM for state register 'curr_state_reg' in module 'tx'
INFO: [Synth 8-802] inferred FSM for state register 'curr_state_reg' in module 'rx'
---------------------------------------------------------------------------------------------------
                   State |                     New Encoding |                Previous Encoding 
---------------------------------------------------------------------------------------------------
              IDLE_STATE |                               00 |                               00
             START_STATE |                               01 |                               01
              DATA_STATE |                               10 |                               10
              STOP_STATE |                               11 |                               11
---------------------------------------------------------------------------------------------------
INFO: [Synth 8-3354] encoded FSM with state register 'curr_state_reg' using encoding 'sequential' in module 'tx'
---------------------------------------------------------------------------------------------------
                   State |                     New Encoding |                Previous Encoding 
---------------------------------------------------------------------------------------------------
              IDLE_STATE |                              001 |                               00
              DATA_STATE |                              010 |                               10
              STOP_STATE |                              100 |                               11
---------------------------------------------------------------------------------------------------
INFO: [Synth 8-3354] encoded FSM with state register 'curr_state_reg' using encoding 'one-hot' in module 'rx'
---------------------------------------------------------------------------------
Finished RTL Optimization Phase 2 : Time (s): cpu = 00:00:53 ; elapsed = 00:01:05 . Memory (MB): peak = 1156.848 ; gain = 665.828
---------------------------------------------------------------------------------
---------------------------------------------------------------------------------
Start RTL Component Statistics 
---------------------------------------------------------------------------------
Detailed RTL Component Info : 
+---Adders : 
	   2 Input    4 Bit       Adders := 2     
+---Registers : 
	                8 Bit    Registers := 3     
	                4 Bit    Registers := 2     
	                2 Bit    Registers := 2     
	                1 Bit    Registers := 9     
+---Muxes : 
	   3 Input    8 Bit        Muxes := 1     
	   2 Input    4 Bit        Muxes := 2     
	   4 Input    4 Bit        Muxes := 1     
	   3 Input    4 Bit        Muxes := 1     
	   4 Input    2 Bit        Muxes := 1     
	   2 Input    1 Bit        Muxes := 3     
	   4 Input    1 Bit        Muxes := 5     
	   3 Input    1 Bit        Muxes := 2     
---------------------------------------------------------------------------------
Finished RTL Component Statistics 
---------------------------------------------------------------------------------
---------------------------------------------------------------------------------
Start Part Resource Summary
---------------------------------------------------------------------------------
Part Resources:
DSPs: 90 (col length:60)
BRAMs: 100 (col length: RAMB18 60 RAMB36 30)
---------------------------------------------------------------------------------
Finished Part Resource Summary
---------------------------------------------------------------------------------
---------------------------------------------------------------------------------
Start Cross Boundary and Area Optimization
---------------------------------------------------------------------------------
WARNING: [Synth 8-7080] Parallel synthesis criteria is not met
WARNING: [Synth 8-7129] Port rx_line in module top is either unconnected or has no load
---------------------------------------------------------------------------------
Finished Cross Boundary and Area Optimization : Time (s): cpu = 00:00:59 ; elapsed = 00:01:12 . Memory (MB): peak = 1156.848 ; gain = 665.828
---------------------------------------------------------------------------------
---------------------------------------------------------------------------------
Start Applying XDC Timing Constraints
---------------------------------------------------------------------------------
---------------------------------------------------------------------------------
Finished Applying XDC Timing Constraints : Time (s): cpu = 00:01:14 ; elapsed = 00:01:28 . Memory (MB): peak = 1261.559 ; gain = 770.539
---------------------------------------------------------------------------------
---------------------------------------------------------------------------------
Start Timing Optimization
---------------------------------------------------------------------------------
---------------------------------------------------------------------------------
Finished Timing Optimization : Time (s): cpu = 00:01:14 ; elapsed = 00:01:29 . Memory (MB): peak = 1280.906 ; gain = 789.887
---------------------------------------------------------------------------------
---------------------------------------------------------------------------------
Start Technology Mapping
---------------------------------------------------------------------------------
---------------------------------------------------------------------------------
Finished Technology Mapping : Time (s): cpu = 00:01:14 ; elapsed = 00:01:29 . Memory (MB): peak = 1281.734 ; gain = 790.715
---------------------------------------------------------------------------------
---------------------------------------------------------------------------------
Start IO Insertion
---------------------------------------------------------------------------------
---------------------------------------------------------------------------------
Start Flattening Before IO Insertion
---------------------------------------------------------------------------------
---------------------------------------------------------------------------------
Finished Flattening Before IO Insertion
---------------------------------------------------------------------------------
---------------------------------------------------------------------------------
Start Final Netlist Cleanup
---------------------------------------------------------------------------------
---------------------------------------------------------------------------------
Finished Final Netlist Cleanup
---------------------------------------------------------------------------------
---------------------------------------------------------------------------------
Finished IO Insertion : Time (s): cpu = 00:01:22 ; elapsed = 00:01:37 . Memory (MB): peak = 1487.816 ; gain = 996.797
---------------------------------------------------------------------------------
---------------------------------------------------------------------------------
Start Renaming Generated Instances
---------------------------------------------------------------------------------
---------------------------------------------------------------------------------
Finished Renaming Generated Instances : Time (s): cpu = 00:01:22 ; elapsed = 00:01:37 . Memory (MB): peak = 1487.816 ; gain = 996.797
---------------------------------------------------------------------------------
---------------------------------------------------------------------------------
Start Rebuilding User Hierarchy
---------------------------------------------------------------------------------
---------------------------------------------------------------------------------
Finished Rebuilding User Hierarchy : Time (s): cpu = 00:01:22 ; elapsed = 00:01:37 . Memory (MB): peak = 1487.816 ; gain = 996.797
---------------------------------------------------------------------------------
---------------------------------------------------------------------------------
Start Renaming Generated Ports
---------------------------------------------------------------------------------
---------------------------------------------------------------------------------
Finished Renaming Generated Ports : Time (s): cpu = 00:01:22 ; elapsed = 00:01:37 . Memory (MB): peak = 1487.816 ; gain = 996.797
---------------------------------------------------------------------------------
---------------------------------------------------------------------------------
Start Handling Custom Attributes
---------------------------------------------------------------------------------
---------------------------------------------------------------------------------
Finished Handling Custom Attributes : Time (s): cpu = 00:01:22 ; elapsed = 00:01:37 . Memory (MB): peak = 1487.816 ; gain = 996.797
---------------------------------------------------------------------------------
---------------------------------------------------------------------------------
Start Renaming Generated Nets
---------------------------------------------------------------------------------
---------------------------------------------------------------------------------
Finished Renaming Generated Nets : Time (s): cpu = 00:01:22 ; elapsed = 00:01:37 . Memory (MB): peak = 1487.816 ; gain = 996.797
---------------------------------------------------------------------------------
---------------------------------------------------------------------------------
Start Writing Synthesis Report
---------------------------------------------------------------------------------

Report BlackBoxes: 
+-+--------------+----------+
| |BlackBox name |Instances |
+-+--------------+----------+
+-+--------------+----------+

Report Cell Usage: 
+------+-------+------+
|      |Cell   |Count |
+------+-------+------+
|1     |BUFG   |     2|
|2     |CARRY4 |     9|
|3     |LUT1   |     2|
|4     |LUT2   |     8|
|5     |LUT3   |     6|
|6     |LUT4   |     9|
|7     |LUT5   |     6|
|8     |LUT6   |    18|
|9     |FDCE   |    29|
|10    |FDPE   |     2|
|11    |FDRE   |    48|
|12    |IBUF   |    11|
|13    |OBUF   |     9|
+------+-------+------+
---------------------------------------------------------------------------------
Finished Writing Synthesis Report : Time (s): cpu = 00:01:22 ; elapsed = 00:01:37 . Memory (MB): peak = 1487.816 ; gain = 996.797
---------------------------------------------------------------------------------
Synthesis finished with 0 errors, 0 critical warnings and 2 warnings.
Synthesis Optimization Runtime : Time (s): cpu = 00:00:45 ; elapsed = 00:01:33 . Memory (MB): peak = 1487.816 ; gain = 904.672
Synthesis Optimization Complete : Time (s): cpu = 00:01:22 ; elapsed = 00:01:38 . Memory (MB): peak = 1487.816 ; gain = 996.797
INFO: [Project 1-571] Translating synthesized netlist
Netlist sorting complete. Time (s): cpu = 00:00:00 ; elapsed = 00:00:00.002 . Memory (MB): peak = 1496.941 ; gain = 0.000
INFO: [Netlist 29-17] Analyzing 9 Unisim elements for replacement
INFO: [Netlist 29-28] Unisim Transformation completed in 0 CPU seconds
INFO: [Project 1-570] Preparing netlist for logic optimization
INFO: [Opt 31-138] Pushed 0 inverter(s) to 0 load pin(s).
Netlist sorting complete. Time (s): cpu = 00:00:00 ; elapsed = 00:00:00 . Memory (MB): peak = 1500.715 ; gain = 0.000
INFO: [Project 1-111] Unisim Transformation Summary:
No Unisim elements were transformed.

Synth Design complete | Checksum: cfe31da8
INFO: [Common 17-83] Releasing license: Synthesis
36 Infos, 6 Warnings, 0 Critical Warnings and 0 Errors encountered.
synth_design completed successfully
synth_design: Time (s): cpu = 00:01:29 ; elapsed = 00:01:49 . Memory (MB): peak = 1500.715 ; gain = 1200.574
Write ShapeDB Complete: Time (s): cpu = 00:00:00 ; elapsed = 00:00:00.003 . Memory (MB): peak = 1500.715 ; gain = 0.000
INFO: [Common 17-1381] The checkpoint 'C:/Users/mahes/Downloads/project_2-20260426T223513Z-3-001/project_2/project_2.runs/synth_1/top.dcp' has been generated.
INFO: [Vivado 12-24828] Executing command : report_utilization -file top_utilization_synth.rpt -pb top_utilization_synth.pb
INFO: [Common 17-206] Exiting Vivado at Sun Apr 26 17:25:29 2026...
